<?xml version="1.0" encoding="UTF-8"?>
<!-- Generated by org.testng.reporters.JUnitReportReporter -->
<testsuite hostname="0966-2045" failures="0" tests="1" name="Golden.Mobile" time="0.021" errors="0" timestamp="2021-11-12T12:12:54 IST" skipped="0">
  <testcase classname="Golden.Mobile" name="iOS" time="0.021"/>
  <system-out/>
</testsuite> <!-- Golden.Mobile -->
