<?xml version="1.0" encoding="UTF-8"?>
<!-- Generated by org.testng.reporters.JUnitReportReporter -->
<testsuite hostname="0966-2045" failures="0" tests="2" name="Golden.WebTest" time="0.010" errors="0" timestamp="2021-11-12T21:52:51 IST" skipped="0">
  <testcase classname="Golden.WebTest" name="Mozila" time="0.001"/>
  <system-out/>
  <testcase classname="Golden.WebTest" name="Chrome" time="0.009"/>
  <system-out/>
</testsuite> <!-- Golden.WebTest -->
