<?xml version="1.0" encoding="UTF-8"?>
<!-- Generated by org.testng.reporters.JUnitReportReporter -->
<testsuite hostname="0966-2045" failures="0" tests="2" name="Golden.MobileTest" time="0.008" errors="0" timestamp="2021-11-12T22:04:40 IST" skipped="0">
  <testcase classname="Golden.MobileTest" name="iOS" time="0.001"/>
  <system-out/>
  <testcase classname="Golden.MobileTest" name="Android" time="0.007"/>
  <system-out/>
</testsuite> <!-- Golden.MobileTest -->
